
  .   ____          _            __ _ _
 /\\ / ___'_ __ _ _(_)_ __  __ _ \ \ \ \
( ( )\___ | '_ | '_| | '_ \/ _` | \ \ \ \
 \\/  ___)| |_)| | | | | || (_| |  ) ) ) )
  '  |____| .__|_| |_|_| |_\__, | / / / /
 =========|_|==============|___/=/_/_/_/

 :: Spring Boot ::                (v4.0.2)

2026-02-25T17:59:45.600+08:00  INFO 5377 --- [project-cepat-kelar] [           main] c.p.cepat.kelar.fe.FrontEndApplication   : Starting FrontEndApplication v0.0.1-SNAPSHOT using Java 21.0.9 with PID 5377 (/Users/fadhilaldien/Documents/workspaces/my-workspace/project-cepat-kelar/project-cepat-kelar-fe/target/fe-0.0.1-SNAPSHOT.jar started by fadhilaldien in /Users/fadhilaldien/Documents/workspaces/my-workspace/project-cepat-kelar/project-cepat-kelar-fe)
2026-02-25T17:59:45.603+08:00 DEBUG 5377 --- [project-cepat-kelar] [           main] c.p.cepat.kelar.fe.FrontEndApplication   : Running with Spring Boot v4.0.2, Spring v7.0.3
2026-02-25T17:59:45.603+08:00  INFO 5377 --- [project-cepat-kelar] [           main] c.p.cepat.kelar.fe.FrontEndApplication   : The following 1 profile is active: "devfadhil"
2026-02-25T17:59:45.940+08:00  INFO 5377 --- [project-cepat-kelar] [           main] .s.d.r.c.RepositoryConfigurationDelegate : Bootstrapping Spring Data JPA repositories in DEFAULT mode.
2026-02-25T17:59:45.976+08:00  INFO 5377 --- [project-cepat-kelar] [           main] .s.d.r.c.RepositoryConfigurationDelegate : Finished Spring Data repository scanning in 31 ms. Found 6 JPA repository interfaces.
2026-02-25T17:59:46.494+08:00  INFO 5377 --- [project-cepat-kelar] [           main] o.s.boot.tomcat.TomcatWebServer          : Tomcat initialized with port 8080 (http)
2026-02-25T17:59:46.503+08:00  INFO 5377 --- [project-cepat-kelar] [           main] o.apache.catalina.core.StandardService   : Starting service [Tomcat]
2026-02-25T17:59:46.504+08:00  INFO 5377 --- [project-cepat-kelar] [           main] o.apache.catalina.core.StandardEngine    : Starting Servlet engine: [Apache Tomcat/11.0.15]
2026-02-25T17:59:46.520+08:00  INFO 5377 --- [project-cepat-kelar] [           main] b.w.c.s.WebApplicationContextInitializer : Root WebApplicationContext: initialization completed in 874 ms
2026-02-25T17:59:46.611+08:00  INFO 5377 --- [project-cepat-kelar] [           main] org.hibernate.orm.jpa                    : HHH008540: Processing PersistenceUnitInfo [name: default]
2026-02-25T17:59:46.652+08:00  INFO 5377 --- [project-cepat-kelar] [           main] org.hibernate.orm.core                   : HHH000001: Hibernate ORM core version 7.2.1.Final
2026-02-25T17:59:46.933+08:00  INFO 5377 --- [project-cepat-kelar] [           main] o.s.o.j.p.SpringPersistenceUnitInfo      : No LoadTimeWeaver setup: ignoring JPA class transformer
2026-02-25T17:59:46.951+08:00  INFO 5377 --- [project-cepat-kelar] [           main] com.zaxxer.hikari.HikariDataSource       : HikariPool-1 - Starting...
2026-02-25T17:59:47.141+08:00  INFO 5377 --- [project-cepat-kelar] [           main] com.zaxxer.hikari.pool.HikariPool        : HikariPool-1 - Added connection org.postgresql.jdbc.PgConnection@4dad2363
2026-02-25T17:59:47.142+08:00  INFO 5377 --- [project-cepat-kelar] [           main] com.zaxxer.hikari.HikariDataSource       : HikariPool-1 - Start completed.
2026-02-25T17:59:47.159+08:00  WARN 5377 --- [project-cepat-kelar] [           main] org.hibernate.orm.deprecation            : HHH90000025: PostgreSQLDialect does not need to be specified explicitly using 'hibernate.dialect' (remove the property setting and it will be selected by default)
2026-02-25T17:59:47.172+08:00  INFO 5377 --- [project-cepat-kelar] [           main] org.hibernate.orm.connections.pooling    : HHH10001005: Database info:
	Database JDBC URL [jdbc:postgresql://localhost:5432/project_cepat_kelar]
	Database driver: PostgreSQL JDBC Driver
	Database dialect: PostgreSQLDialect
	Database version: 16.0
	Default catalog/schema: project_cepat_kelar/public
	Autocommit mode: undefined/unknown
	Isolation level: READ_COMMITTED [default READ_COMMITTED]
	JDBC fetch size: none
	Pool: DataSourceConnectionProvider
	Minimum pool size: undefined/unknown
	Maximum pool size: undefined/unknown
2026-02-25T17:59:47.239+08:00  WARN 5377 --- [project-cepat-kelar] [           main] org.hibernate.orm.deprecation            : HHH90000033: Encountered use of deprecated annotation [interface jakarta.persistence.Temporal] at com.project.cepat.kelar.jpa.model.Admin.createdDate.
2026-02-25T17:59:47.239+08:00  WARN 5377 --- [project-cepat-kelar] [           main] org.hibernate.orm.deprecation            : HHH90000033: Encountered use of deprecated annotation [interface jakarta.persistence.Temporal] at com.project.cepat.kelar.jpa.model.Admin.updatedDate.
2026-02-25T17:59:47.249+08:00  WARN 5377 --- [project-cepat-kelar] [           main] org.hibernate.orm.deprecation            : HHH90000033: Encountered use of deprecated annotation [interface jakarta.persistence.Temporal] at com.project.cepat.kelar.jpa.model.Article.createdDate.
2026-02-25T17:59:47.250+08:00  WARN 5377 --- [project-cepat-kelar] [           main] org.hibernate.orm.deprecation            : HHH90000033: Encountered use of deprecated annotation [interface jakarta.persistence.Temporal] at com.project.cepat.kelar.jpa.model.Article.updatedDate.
2026-02-25T17:59:47.263+08:00  WARN 5377 --- [project-cepat-kelar] [           main] org.hibernate.orm.deprecation            : HHH90000033: Encountered use of deprecated annotation [interface jakarta.persistence.Temporal] at com.project.cepat.kelar.jpa.model.common.ApplicationConfig.createdDate.
2026-02-25T17:59:47.264+08:00  WARN 5377 --- [project-cepat-kelar] [           main] org.hibernate.orm.deprecation            : HHH90000033: Encountered use of deprecated annotation [interface jakarta.persistence.Temporal] at com.project.cepat.kelar.jpa.model.common.ApplicationConfig.updatedDate.
2026-02-25T17:59:47.266+08:00  WARN 5377 --- [project-cepat-kelar] [           main] org.hibernate.orm.deprecation            : HHH90000033: Encountered use of deprecated annotation [interface jakarta.persistence.Temporal] at com.project.cepat.kelar.jpa.model.common.ApplicationNotification.createdDate.
2026-02-25T17:59:47.266+08:00  WARN 5377 --- [project-cepat-kelar] [           main] org.hibernate.orm.deprecation            : HHH90000033: Encountered use of deprecated annotation [interface jakarta.persistence.Temporal] at com.project.cepat.kelar.jpa.model.common.ApplicationNotification.updatedDate.
2026-02-25T17:59:47.267+08:00  WARN 5377 --- [project-cepat-kelar] [           main] org.hibernate.orm.deprecation            : HHH90000033: Encountered use of deprecated annotation [interface jakarta.persistence.Temporal] at com.project.cepat.kelar.jpa.model.common.Scheduler.createdDate.
2026-02-25T17:59:47.267+08:00  WARN 5377 --- [project-cepat-kelar] [           main] org.hibernate.orm.deprecation            : HHH90000033: Encountered use of deprecated annotation [interface jakarta.persistence.Temporal] at com.project.cepat.kelar.jpa.model.common.Scheduler.updatedDate.
2026-02-25T17:59:47.732+08:00  INFO 5377 --- [project-cepat-kelar] [           main] org.hibernate.orm.core                   : HHH000489: No JTA platform available (set 'hibernate.transaction.jta.platform' to enable JTA platform integration)
Hibernate: 
    set client_min_messages = WARNING
Hibernate: 
    alter table if exists admin 
       drop constraint if exists FKrixejeomhyfntj45ehbxw5o95
Hibernate: 
    alter table if exists app_user_role 
       drop constraint if exists FK99wvof81irmbaaih2qvjsokk4
Hibernate: 
    drop table if exists admin cascade
Hibernate: 
    drop table if exists app_user cascade
Hibernate: 
    drop table if exists app_user_role cascade
Hibernate: 
    drop table if exists application_config cascade
Hibernate: 
    drop table if exists application_notification cascade
Hibernate: 
    drop table if exists article cascade
Hibernate: 
    drop table if exists scheduler cascade
Hibernate: 
    drop sequence if exists seq_user
Hibernate: 
    create sequence seq_user start with 1 increment by 50
Hibernate: 
    create table admin (
        is_deleted integer,
        created_date timestamp(6),
        id bigint generated by default as identity,
        updated_date timestamp(6),
        user_no bigint not null unique,
        version bigint,
        created_by varchar(100),
        updated_by varchar(100),
        description varchar(500),
        primary key (id)
    )
Hibernate: 
    create table app_user (
        acc_non_exp char(1) check ((acc_non_exp in ('N','Y'))),
        acc_non_lock char(1) check ((acc_non_lock in ('N','Y'))),
        crd_non_exp char(1) check ((crd_non_exp in ('N','Y'))),
        enabled char(1) check ((enabled in ('N','Y'))),
        is_admin char(1) check ((is_admin in ('N','Y'))),
        no bigint not null,
        password varchar(100),
        username varchar(100) unique,
        email varchar(191) unique,
        mobile varchar(191) unique,
        primary key (no)
    )
Hibernate: 
    create table app_user_role (
        user_no bigint not null,
        role varchar(255)
    )
Hibernate: 
    create table application_config (
        created_date timestamp(6),
        id bigint generated by default as identity,
        updated_date timestamp(6),
        config_id varchar(100) unique,
        created_by varchar(100),
        updated_by varchar(100),
        description varchar(500),
        config_value varchar(255),
        primary key (id)
    )
Hibernate: 
    create table application_notification (
        active boolean not null,
        notification_type integer not null,
        created_date timestamp(6),
        id bigint generated by default as identity,
        notification_end_date timestamp(6) not null,
        notification_start_date timestamp(6) not null,
        updated_date timestamp(6),
        created_by varchar(100),
        updated_by varchar(100),
        notification_name varchar(150) not null,
        description varchar(500),
        receiver varchar(1500),
        primary key (id)
    )
Hibernate: 
    create table article (
        is_deleted integer,
        created_date timestamp(6),
        end_date timestamp(6),
        id bigint generated by default as identity,
        publish_date timestamp(6),
        start_date timestamp(6),
        updated_date timestamp(6),
        version bigint,
        created_by varchar(100),
        updated_by varchar(100),
        description varchar(500),
        category varchar(255),
        content text,
        cover_image varchar(255),
        status varchar(255) check ((status in ('DRAFT','PUBLISHED','HIDDEN','ARCHIVED'))),
        title varchar(255),
        cover_image_data bytea,
        primary key (id)
    )
Hibernate: 
    create table scheduler (
        is_active boolean not null,
        schedule_time time(0),
        schedule_type integer not null,
        created_date timestamp(6),
        id bigint generated by default as identity,
        schedule_date timestamp(6),
        updated_date timestamp(6),
        created_by varchar(100),
        scheduler_name varchar(100) not null,
        updated_by varchar(100),
        class_name varchar(500),
        description varchar(500),
        primary key (id)
    )
Hibernate: 
    alter table if exists admin 
       add constraint FKrixejeomhyfntj45ehbxw5o95 
       foreign key (user_no) 
       references app_user
Hibernate: 
    alter table if exists app_user_role 
       add constraint FK99wvof81irmbaaih2qvjsokk4 
       foreign key (user_no) 
       references app_user
2026-02-25T17:59:47.784+08:00  INFO 5377 --- [project-cepat-kelar] [           main] j.LocalContainerEntityManagerFactoryBean : Initialized JPA EntityManagerFactory for persistence unit 'default'
2026-02-25T17:59:47.841+08:00  INFO 5377 --- [project-cepat-kelar] [           main] o.s.d.j.r.query.QueryEnhancerFactories   : Hibernate is in classpath; If applicable, HQL parser will be used.
2026-02-25T17:59:48.531+08:00  INFO 5377 --- [project-cepat-kelar] [           main] c.p.c.kelar.common.util.FileUploadUtil   : Checking file upload dir on ./tmp/uploads
2026-02-25T17:59:48.695+08:00 DEBUG 5377 --- [project-cepat-kelar] [           main] o.s.w.s.v.f.FreeMarkerConfigurer         : Cannot resolve template loader path [classpath:/templates/] to [java.io.File]: using SpringTemplateLoader as fallback

java.io.FileNotFoundException: class path resource [templates/] cannot be resolved to absolute file path because it does not reside in the file system: jar:nested:/Users/fadhilaldien/Documents/workspaces/my-workspace/project-cepat-kelar/project-cepat-kelar-fe/target/fe-0.0.1-SNAPSHOT.jar/!BOOT-INF/classes/!/templates/
	at org.springframework.util.ResourceUtils.getFile(ResourceUtils.java:226) ~[spring-core-7.0.3.jar!/:7.0.3]
	at org.springframework.core.io.AbstractFileResolvingResource.getFile(AbstractFileResolvingResource.java:215) ~[spring-core-7.0.3.jar!/:7.0.3]
	at org.springframework.ui.freemarker.FreeMarkerConfigurationFactory.getTemplateLoaderForPath(FreeMarkerConfigurationFactory.java:369) ~[spring-context-support-7.0.3.jar!/:7.0.3]
	at org.springframework.ui.freemarker.FreeMarkerConfigurationFactory.createConfiguration(FreeMarkerConfigurationFactory.java:320) ~[spring-context-support-7.0.3.jar!/:7.0.3]
	at org.springframework.web.servlet.view.freemarker.FreeMarkerConfigurer.afterPropertiesSet(FreeMarkerConfigurer.java:120) ~[spring-webmvc-7.0.3.jar!/:7.0.3]
	at org.springframework.beans.factory.support.AbstractAutowireCapableBeanFactory.invokeInitMethods(AbstractAutowireCapableBeanFactory.java:1864) ~[spring-beans-7.0.3.jar!/:7.0.3]
	at org.springframework.beans.factory.support.AbstractAutowireCapableBeanFactory.initializeBean(AbstractAutowireCapableBeanFactory.java:1813) ~[spring-beans-7.0.3.jar!/:7.0.3]
	at org.springframework.beans.factory.support.AbstractAutowireCapableBeanFactory.doCreateBean(AbstractAutowireCapableBeanFactory.java:603) ~[spring-beans-7.0.3.jar!/:7.0.3]
	at org.springframework.beans.factory.support.AbstractAutowireCapableBeanFactory.createBean(AbstractAutowireCapableBeanFactory.java:525) ~[spring-beans-7.0.3.jar!/:7.0.3]
	at org.springframework.beans.factory.support.AbstractBeanFactory.lambda$doGetBean$0(AbstractBeanFactory.java:333) ~[spring-beans-7.0.3.jar!/:7.0.3]
	at org.springframework.beans.factory.support.DefaultSingletonBeanRegistry.getSingleton(DefaultSingletonBeanRegistry.java:371) ~[spring-beans-7.0.3.jar!/:7.0.3]
	at org.springframework.beans.factory.support.AbstractBeanFactory.doGetBean(AbstractBeanFactory.java:331) ~[spring-beans-7.0.3.jar!/:7.0.3]
	at org.springframework.beans.factory.support.AbstractBeanFactory.getBean(AbstractBeanFactory.java:196) ~[spring-beans-7.0.3.jar!/:7.0.3]
	at org.springframework.beans.factory.support.DefaultListableBeanFactory.instantiateSingleton(DefaultListableBeanFactory.java:1218) ~[spring-beans-7.0.3.jar!/:7.0.3]
	at org.springframework.beans.factory.support.DefaultListableBeanFactory.preInstantiateSingleton(DefaultListableBeanFactory.java:1184) ~[spring-beans-7.0.3.jar!/:7.0.3]
	at org.springframework.beans.factory.support.DefaultListableBeanFactory.preInstantiateSingletons(DefaultListableBeanFactory.java:1121) ~[spring-beans-7.0.3.jar!/:7.0.3]
	at org.springframework.context.support.AbstractApplicationContext.finishBeanFactoryInitialization(AbstractApplicationContext.java:993) ~[spring-context-7.0.3.jar!/:7.0.3]
	at org.springframework.context.support.AbstractApplicationContext.refresh(AbstractApplicationContext.java:620) ~[spring-context-7.0.3.jar!/:7.0.3]
	at org.springframework.boot.web.server.servlet.context.ServletWebServerApplicationContext.refresh(ServletWebServerApplicationContext.java:143) ~[spring-boot-web-server-4.0.2.jar!/:4.0.2]
	at org.springframework.boot.SpringApplication.refresh(SpringApplication.java:756) ~[spring-boot-4.0.2.jar!/:4.0.2]
	at org.springframework.boot.SpringApplication.refreshContext(SpringApplication.java:445) ~[spring-boot-4.0.2.jar!/:4.0.2]
	at org.springframework.boot.SpringApplication.run(SpringApplication.java:321) ~[spring-boot-4.0.2.jar!/:4.0.2]
	at org.springframework.boot.SpringApplication.run(SpringApplication.java:1365) ~[spring-boot-4.0.2.jar!/:4.0.2]
	at org.springframework.boot.SpringApplication.run(SpringApplication.java:1354) ~[spring-boot-4.0.2.jar!/:4.0.2]
	at com.project.cepat.kelar.fe.FrontEndApplication.main(FrontEndApplication.java:16) ~[!/:0.0.1-SNAPSHOT]
	at java.base/jdk.internal.reflect.DirectMethodHandleAccessor.invoke(DirectMethodHandleAccessor.java:103) ~[na:na]
	at java.base/java.lang.reflect.Method.invoke(Method.java:580) ~[na:na]
	at org.springframework.boot.loader.launch.Launcher.launch(Launcher.java:106) ~[fe-0.0.1-SNAPSHOT.jar:0.0.1-SNAPSHOT]
	at org.springframework.boot.loader.launch.Launcher.launch(Launcher.java:64) ~[fe-0.0.1-SNAPSHOT.jar:0.0.1-SNAPSHOT]
	at org.springframework.boot.loader.launch.JarLauncher.main(JarLauncher.java:40) ~[fe-0.0.1-SNAPSHOT.jar:0.0.1-SNAPSHOT]

2026-02-25T17:59:48.739+08:00  WARN 5377 --- [project-cepat-kelar] [           main] JpaBaseConfiguration$JpaWebConfiguration : spring.jpa.open-in-view is enabled by default. Therefore, database queries may be performed during view rendering. Explicitly configure spring.jpa.open-in-view to disable this warning
2026-02-25T17:59:48.778+08:00  INFO 5377 --- [project-cepat-kelar] [           main] r$InitializeUserDetailsManagerConfigurer : Global AuthenticationManager configured with UserDetailsService bean with name backofficeUserDetailsService
2026-02-25T17:59:48.865+08:00 DEBUG 5377 --- [project-cepat-kelar] [           main] o.s.s.web.DefaultSecurityFilterChain     : Will secure any request with filters: DisableEncodeUrlFilter, WebAsyncManagerIntegrationFilter, SecurityContextHolderFilter, HeaderWriterFilter, LogoutFilter, UsernamePasswordAuthenticationFilter, RequestCacheAwareFilter, SecurityContextHolderAwareRequestFilter, AnonymousAuthenticationFilter, ExceptionTranslationFilter, AuthorizationFilter
2026-02-25T17:59:48.936+08:00 DEBUG 5377 --- [project-cepat-kelar] [           main] s.w.s.m.m.a.RequestMappingHandlerMapping : 61 mappings in 'requestMappingHandlerMapping'
2026-02-25T17:59:48.952+08:00 DEBUG 5377 --- [project-cepat-kelar] [           main] o.s.w.s.handler.SimpleUrlHandlerMapping  : Patterns [/webjars/**, /**] in 'resourceHandlerMapping'
2026-02-25T17:59:48.974+08:00 DEBUG 5377 --- [project-cepat-kelar] [           main] s.w.s.m.m.a.RequestMappingHandlerAdapter : ControllerAdvice beans: 0 @ModelAttribute, 0 @InitBinder, 2 RequestBodyAdvice, 1 ResponseBodyAdvice
2026-02-25T17:59:49.001+08:00 DEBUG 5377 --- [project-cepat-kelar] [           main] .m.m.a.ExceptionHandlerExceptionResolver : ControllerAdvice beans: 0 @ExceptionHandler, 1 ResponseBodyAdvice
2026-02-25T17:59:49.054+08:00  INFO 5377 --- [project-cepat-kelar] [           main] o.s.boot.tomcat.TomcatWebServer          : Tomcat started on port 8080 (http) with context path '/'
2026-02-25T17:59:49.058+08:00  INFO 5377 --- [project-cepat-kelar] [           main] c.p.cepat.kelar.fe.FrontEndApplication   : Started FrontEndApplication in 3.752 seconds (process running for 4.154)
Hibernate: 
    select
        u1_0.no,
        u1_0.acc_non_exp,
        u1_0.acc_non_lock,
        u1_0.crd_non_exp,
        u1_0.email,
        u1_0.enabled,
        u1_0.is_admin,
        u1_0.mobile,
        u1_0.password,
        u1_0.username 
    from
        app_user u1_0 
    where
        u1_0.username=?
Hibernate: 
    select
        nextval('seq_user')
Hibernate: 
    insert 
    into
        app_user
        (acc_non_exp, acc_non_lock, crd_non_exp, email, enabled, is_admin, mobile, password, username, no) 
    values
        (?, ?, ?, ?, ?, ?, ?, ?, ?, ?)
Hibernate: 
    insert 
    into
        app_user_role
        (user_no, role) 
    values
        (?, ?)
Hibernate: 
    insert 
    into
        app_user_role
        (user_no, role) 
    values
        (?, ?)
2026-02-25T17:59:49.258+08:00  INFO 5377 --- [project-cepat-kelar] [           main] c.p.c.kelar.fe.config.TestDataLoader     : Test user created: admin
Hibernate: 
    insert 
    into
        admin
        (created_by, created_date, is_deleted, description, updated_by, updated_date, user_no, version) 
    values
        (?, ?, ?, ?, ?, ?, ?, ?)
2026-02-25T17:59:49.274+08:00  INFO 5377 --- [project-cepat-kelar] [           main] c.p.c.kelar.fe.config.TestDataLoader     : Admin record created for user: admin
2026-02-25T18:00:53.698+08:00  INFO 5377 --- [project-cepat-kelar] [nio-8080-exec-1] o.a.c.c.C.[Tomcat].[localhost].[/]       : Initializing Spring DispatcherServlet 'dispatcherServlet'
2026-02-25T18:00:53.698+08:00  INFO 5377 --- [project-cepat-kelar] [nio-8080-exec-1] o.s.web.servlet.DispatcherServlet        : Initializing Servlet 'dispatcherServlet'
2026-02-25T18:00:53.699+08:00 DEBUG 5377 --- [project-cepat-kelar] [nio-8080-exec-1] o.s.web.servlet.DispatcherServlet        : Detected StandardServletMultipartResolver
2026-02-25T18:00:53.699+08:00 DEBUG 5377 --- [project-cepat-kelar] [nio-8080-exec-1] o.s.web.servlet.DispatcherServlet        : Detected AcceptHeaderLocaleResolver
2026-02-25T18:00:53.699+08:00 DEBUG 5377 --- [project-cepat-kelar] [nio-8080-exec-1] o.s.web.servlet.DispatcherServlet        : Detected org.springframework.web.servlet.view.DefaultRequestToViewNameTranslator@17baf642
2026-02-25T18:00:53.699+08:00 DEBUG 5377 --- [project-cepat-kelar] [nio-8080-exec-1] o.s.web.servlet.DispatcherServlet        : Detected org.springframework.web.servlet.support.SessionFlashMapManager@606b9417
2026-02-25T18:00:53.700+08:00 DEBUG 5377 --- [project-cepat-kelar] [nio-8080-exec-1] o.s.web.servlet.DispatcherServlet        : enableLoggingRequestDetails='false': request parameters and headers will be masked to prevent unsafe logging of potentially sensitive data
2026-02-25T18:00:53.700+08:00  INFO 5377 --- [project-cepat-kelar] [nio-8080-exec-1] o.s.web.servlet.DispatcherServlet        : Completed initialization in 2 ms
2026-02-25T18:00:53.705+08:00 DEBUG 5377 --- [project-cepat-kelar] [nio-8080-exec-1] o.s.security.web.FilterChainProxy        : Securing POST /admin/signin
2026-02-25T18:00:53.709+08:00 DEBUG 5377 --- [project-cepat-kelar] [nio-8080-exec-1] o.s.security.web.FilterChainProxy        : Secured POST /admin/signin
2026-02-25T18:00:53.710+08:00 DEBUG 5377 --- [project-cepat-kelar] [nio-8080-exec-1] o.s.web.servlet.DispatcherServlet        : POST "/admin/signin", parameters={masked}
2026-02-25T18:00:53.716+08:00 DEBUG 5377 --- [project-cepat-kelar] [nio-8080-exec-1] s.w.s.m.m.a.RequestMappingHandlerMapping : Mapped to com.project.cepat.kelar.fe.controller.IndexController#getSignIn(String, Map)
Hibernate: 
    select
        ac1_0.id,
        ac1_0.config_id,
        ac1_0.config_value,
        ac1_0.created_by,
        ac1_0.created_date,
        ac1_0.description,
        ac1_0.updated_by,
        ac1_0.updated_date 
    from
        application_config ac1_0 
    where
        ac1_0.config_id=?
Hibernate: 
    select
        ac1_0.id,
        ac1_0.config_id,
        ac1_0.config_value,
        ac1_0.created_by,
        ac1_0.created_date,
        ac1_0.description,
        ac1_0.updated_by,
        ac1_0.updated_date 
    from
        application_config ac1_0 
    where
        ac1_0.config_id=?
2026-02-25T18:00:53.772+08:00 DEBUG 5377 --- [project-cepat-kelar] [nio-8080-exec-1] o.s.w.s.v.ContentNegotiatingViewResolver : Selected '*/*' given [*/*]
2026-02-25T18:00:53.773+08:00 DEBUG 5377 --- [project-cepat-kelar] [nio-8080-exec-1] o.s.w.s.view.freemarker.FreeMarkerView   : View name [backoffice/admin-login], model {pageTitle=, model=null, domainRoot=localhost:8080, serverDate=Wed Feb 25 18:00:53 MYT 2026, applicationName=null, applicationDescription=null}
2026-02-25T18:00:53.773+08:00 DEBUG 5377 --- [project-cepat-kelar] [nio-8080-exec-1] o.s.w.s.view.freemarker.FreeMarkerView   : Rendering [backoffice/admin-login.ftl]
2026-02-25T18:00:53.785+08:00 DEBUG 5377 --- [project-cepat-kelar] [nio-8080-exec-1] o.s.web.servlet.DispatcherServlet        : Completed 200 OK
2026-02-25T18:00:53.786+08:00 DEBUG 5377 --- [project-cepat-kelar] [nio-8080-exec-1] o.s.s.w.a.AnonymousAuthenticationFilter  : Set SecurityContextHolder to anonymous SecurityContext
2026-02-25T18:00:53.796+08:00 DEBUG 5377 --- [project-cepat-kelar] [nio-8080-exec-3] o.s.security.web.FilterChainProxy        : Securing GET /admin/articles/new
2026-02-25T18:00:53.796+08:00 DEBUG 5377 --- [project-cepat-kelar] [nio-8080-exec-3] o.s.s.w.a.AnonymousAuthenticationFilter  : Set SecurityContextHolder to anonymous SecurityContext
2026-02-25T18:00:53.806+08:00 DEBUG 5377 --- [project-cepat-kelar] [nio-8080-exec-3] o.s.s.w.s.HttpSessionRequestCache        : Saved request http://localhost:8080/admin/articles/new?continue to session
2026-02-25T18:00:53.807+08:00 DEBUG 5377 --- [project-cepat-kelar] [nio-8080-exec-3] o.s.s.web.DefaultRedirectStrategy        : Redirecting to /admin/signin
