[INFO] Scanning for projects...
[WARNING] 
[WARNING] Some problems were encountered while building the effective model for com.project.cepat.kelar:fe:jar:0.0.1-SNAPSHOT
[WARNING] 'dependencies.dependency.scope' for org.projectlombok:lombok:jar must be one of [provided, compile, runtime, test, system] but is 'annotationProcessor'. @ line 88, column 11
[WARNING] 
[WARNING] It is highly recommended to fix these problems because they threaten the stability of your build.
[WARNING] 
[WARNING] For this reason, future Maven versions might no longer support building such malformed projects.
[WARNING] 
[INFO] 
[INFO] ---------------------< com.project.cepat.kelar:fe >---------------------
[INFO] Building fe 0.0.1-SNAPSHOT
[INFO]   from pom.xml
[INFO] --------------------------------[ jar ]---------------------------------
[INFO] 
[INFO] >>> spring-boot:4.0.2:run (default-cli) > test-compile @ fe >>>
[INFO] 
[INFO] --- resources:3.3.1:resources (default-resources) @ fe ---
[INFO] Copying 4 resources from src/main/resources to target/classes
[INFO] Copying 99 resources from src/main/resources to target/classes
[INFO] 
[INFO] --- compiler:3.14.1:compile (default-compile) @ fe ---
[INFO] Nothing to compile - all classes are up to date.
[INFO] 
[INFO] --- resources:3.3.1:testResources (default-testResources) @ fe ---
[INFO] skip non existing resourceDirectory /Users/fadhilaldien/Documents/workspaces/my-workspace/project-cepat-kelar/project-cepat-kelar-fe/src/test/resources
[INFO] 
[INFO] --- compiler:3.14.1:testCompile (default-testCompile) @ fe ---
[INFO] Nothing to compile - all classes are up to date.
[INFO] 
[INFO] <<< spring-boot:4.0.2:run (default-cli) < test-compile @ fe <<<
[INFO] 
[INFO] 
[INFO] --- spring-boot:4.0.2:run (default-cli) @ fe ---
[INFO] Attaching agents: []

  .   ____          _            __ _ _
 /\\ / ___'_ __ _ _(_)_ __  __ _ \ \ \ \
( ( )\___ | '_ | '_| | '_ \/ _` | \ \ \ \
 \\/  ___)| |_)| | | | | || (_| |  ) ) ) )
  '  |____| .__|_| |_|_| |_\__, | / / / /
 =========|_|==============|___/=/_/_/_/

 :: Spring Boot ::                (v4.0.2)

2026-02-25T18:15:05.733+08:00  INFO 25604 --- [fe] [           main] c.p.cepat.kelar.fe.FrontEndApplication   : Starting FrontEndApplication using Java 25.0.1 with PID 25604 (/Users/fadhilaldien/Documents/workspaces/my-workspace/project-cepat-kelar/project-cepat-kelar-fe/target/classes started by fadhilaldien in /Users/fadhilaldien/Documents/workspaces/my-workspace/project-cepat-kelar/project-cepat-kelar-fe)
2026-02-25T18:15:05.735+08:00  INFO 25604 --- [fe] [           main] c.p.cepat.kelar.fe.FrontEndApplication   : No active profile set, falling back to 1 default profile: "default"
2026-02-25T18:15:05.978+08:00  INFO 25604 --- [fe] [           main] .s.d.r.c.RepositoryConfigurationDelegate : Bootstrapping Spring Data JPA repositories in DEFAULT mode.
2026-02-25T18:15:06.001+08:00  INFO 25604 --- [fe] [           main] .s.d.r.c.RepositoryConfigurationDelegate : Finished Spring Data repository scanning in 19 ms. Found 6 JPA repository interfaces.
2026-02-25T18:15:06.304+08:00  INFO 25604 --- [fe] [           main] o.s.boot.tomcat.TomcatWebServer          : Tomcat initialized with port 8080 (http)
2026-02-25T18:15:06.310+08:00  INFO 25604 --- [fe] [           main] o.apache.catalina.core.StandardService   : Starting service [Tomcat]
2026-02-25T18:15:06.310+08:00  INFO 25604 --- [fe] [           main] o.apache.catalina.core.StandardEngine    : Starting Servlet engine: [Apache Tomcat/11.0.15]
2026-02-25T18:15:06.330+08:00  INFO 25604 --- [fe] [           main] b.w.c.s.WebApplicationContextInitializer : Root WebApplicationContext: initialization completed in 570 ms
2026-02-25T18:15:06.398+08:00  INFO 25604 --- [fe] [           main] org.hibernate.orm.jpa                    : HHH008540: Processing PersistenceUnitInfo [name: default]
2026-02-25T18:15:06.417+08:00  INFO 25604 --- [fe] [           main] org.hibernate.orm.core                   : HHH000001: Hibernate ORM core version 7.2.1.Final
2026-02-25T18:15:06.584+08:00  INFO 25604 --- [fe] [           main] o.s.o.j.p.SpringPersistenceUnitInfo      : No LoadTimeWeaver setup: ignoring JPA class transformer
2026-02-25T18:15:06.596+08:00  INFO 25604 --- [fe] [           main] com.zaxxer.hikari.HikariDataSource       : HikariPool-1 - Starting...
2026-02-25T18:15:06.671+08:00  INFO 25604 --- [fe] [           main] com.zaxxer.hikari.pool.HikariPool        : HikariPool-1 - Added connection org.postgresql.jdbc.PgConnection@16cb6f51
2026-02-25T18:15:06.671+08:00  INFO 25604 --- [fe] [           main] com.zaxxer.hikari.HikariDataSource       : HikariPool-1 - Start completed.
2026-02-25T18:15:06.685+08:00  WARN 25604 --- [fe] [           main] org.hibernate.orm.deprecation            : HHH90000025: PostgreSQLDialect does not need to be specified explicitly using 'hibernate.dialect' (remove the property setting and it will be selected by default)
2026-02-25T18:15:06.695+08:00  INFO 25604 --- [fe] [           main] org.hibernate.orm.connections.pooling    : HHH10001005: Database info:
	Database JDBC URL [jdbc:postgresql://localhost:5432/project_cepat_kelar]
	Database driver: PostgreSQL JDBC Driver
	Database dialect: PostgreSQLDialect
	Database version: 16.0
	Default catalog/schema: project_cepat_kelar/public
	Autocommit mode: undefined/unknown
	Isolation level: READ_COMMITTED [default READ_COMMITTED]
	JDBC fetch size: none
	Pool: DataSourceConnectionProvider
	Minimum pool size: undefined/unknown
	Maximum pool size: undefined/unknown
2026-02-25T18:15:06.747+08:00  WARN 25604 --- [fe] [           main] org.hibernate.orm.deprecation            : HHH90000033: Encountered use of deprecated annotation [interface jakarta.persistence.Temporal] at com.project.cepat.kelar.jpa.model.Admin.createdDate.
2026-02-25T18:15:06.747+08:00  WARN 25604 --- [fe] [           main] org.hibernate.orm.deprecation            : HHH90000033: Encountered use of deprecated annotation [interface jakarta.persistence.Temporal] at com.project.cepat.kelar.jpa.model.Admin.updatedDate.
2026-02-25T18:15:06.754+08:00  WARN 25604 --- [fe] [           main] org.hibernate.orm.deprecation            : HHH90000033: Encountered use of deprecated annotation [interface jakarta.persistence.Temporal] at com.project.cepat.kelar.jpa.model.Article.createdDate.
2026-02-25T18:15:06.754+08:00  WARN 25604 --- [fe] [           main] org.hibernate.orm.deprecation            : HHH90000033: Encountered use of deprecated annotation [interface jakarta.persistence.Temporal] at com.project.cepat.kelar.jpa.model.Article.updatedDate.
2026-02-25T18:15:06.764+08:00  WARN 25604 --- [fe] [           main] org.hibernate.orm.deprecation            : HHH90000033: Encountered use of deprecated annotation [interface jakarta.persistence.Temporal] at com.project.cepat.kelar.jpa.model.common.ApplicationConfig.createdDate.
2026-02-25T18:15:06.764+08:00  WARN 25604 --- [fe] [           main] org.hibernate.orm.deprecation            : HHH90000033: Encountered use of deprecated annotation [interface jakarta.persistence.Temporal] at com.project.cepat.kelar.jpa.model.common.ApplicationConfig.updatedDate.
2026-02-25T18:15:06.765+08:00  WARN 25604 --- [fe] [           main] org.hibernate.orm.deprecation            : HHH90000033: Encountered use of deprecated annotation [interface jakarta.persistence.Temporal] at com.project.cepat.kelar.jpa.model.common.ApplicationNotification.createdDate.
2026-02-25T18:15:06.766+08:00  WARN 25604 --- [fe] [           main] org.hibernate.orm.deprecation            : HHH90000033: Encountered use of deprecated annotation [interface jakarta.persistence.Temporal] at com.project.cepat.kelar.jpa.model.common.ApplicationNotification.updatedDate.
2026-02-25T18:15:06.767+08:00  WARN 25604 --- [fe] [           main] org.hibernate.orm.deprecation            : HHH90000033: Encountered use of deprecated annotation [interface jakarta.persistence.Temporal] at com.project.cepat.kelar.jpa.model.common.Scheduler.createdDate.
2026-02-25T18:15:06.767+08:00  WARN 25604 --- [fe] [           main] org.hibernate.orm.deprecation            : HHH90000033: Encountered use of deprecated annotation [interface jakarta.persistence.Temporal] at com.project.cepat.kelar.jpa.model.common.Scheduler.updatedDate.
2026-02-25T18:15:07.101+08:00  INFO 25604 --- [fe] [           main] org.hibernate.orm.core                   : HHH000489: No JTA platform available (set 'hibernate.transaction.jta.platform' to enable JTA platform integration)
Hibernate: 
    set client_min_messages = WARNING
Hibernate: 
    alter table if exists admin 
       drop constraint if exists FKrixejeomhyfntj45ehbxw5o95
Hibernate: 
    alter table if exists app_user_role 
       drop constraint if exists FK99wvof81irmbaaih2qvjsokk4
Hibernate: 
    drop table if exists admin cascade
Hibernate: 
    drop table if exists app_user cascade
Hibernate: 
    drop table if exists app_user_role cascade
Hibernate: 
    drop table if exists application_config cascade
Hibernate: 
    drop table if exists application_notification cascade
Hibernate: 
    drop table if exists article cascade
Hibernate: 
    drop table if exists scheduler cascade
Hibernate: 
    drop sequence if exists seq_user
Hibernate: 
    create sequence seq_user start with 1 increment by 50
Hibernate: 
    create table admin (
        is_deleted integer,
        created_date timestamp(6),
        id bigint generated by default as identity,
        updated_date timestamp(6),
        user_no bigint not null unique,
        version bigint,
        created_by varchar(100),
        updated_by varchar(100),
        description varchar(500),
        primary key (id)
    )
Hibernate: 
    create table app_user (
        acc_non_exp char(1) check ((acc_non_exp in ('N','Y'))),
        acc_non_lock char(1) check ((acc_non_lock in ('N','Y'))),
        crd_non_exp char(1) check ((crd_non_exp in ('N','Y'))),
        enabled char(1) check ((enabled in ('N','Y'))),
        is_admin char(1) check ((is_admin in ('N','Y'))),
        no bigint not null,
        password varchar(100),
        username varchar(100) unique,
        email varchar(191) unique,
        mobile varchar(191) unique,
        primary key (no)
    )
Hibernate: 
    create table app_user_role (
        user_no bigint not null,
        role varchar(255)
    )
Hibernate: 
    create table application_config (
        created_date timestamp(6),
        id bigint generated by default as identity,
        updated_date timestamp(6),
        config_id varchar(100) unique,
        created_by varchar(100),
        updated_by varchar(100),
        description varchar(500),
        config_value varchar(255),
        primary key (id)
    )
Hibernate: 
    create table application_notification (
        active boolean not null,
        notification_type integer not null,
        created_date timestamp(6),
        id bigint generated by default as identity,
        notification_end_date timestamp(6) not null,
        notification_start_date timestamp(6) not null,
        updated_date timestamp(6),
        created_by varchar(100),
        updated_by varchar(100),
        notification_name varchar(150) not null,
        description varchar(500),
        receiver varchar(1500),
        primary key (id)
    )
Hibernate: 
    create table article (
        is_deleted integer,
        created_date timestamp(6),
        end_date timestamp(6),
        id bigint generated by default as identity,
        publish_date timestamp(6),
        start_date timestamp(6),
        updated_date timestamp(6),
        version bigint,
        created_by varchar(100),
        updated_by varchar(100),
        description varchar(500),
        category varchar(255),
        content text,
        cover_image varchar(255),
        status varchar(255) check ((status in ('DRAFT','PUBLISHED','HIDDEN','ARCHIVED'))),
        title varchar(255),
        cover_image_data bytea,
        primary key (id)
    )
Hibernate: 
    create table scheduler (
        is_active boolean not null,
        schedule_time time(0),
        schedule_type integer not null,
        created_date timestamp(6),
        id bigint generated by default as identity,
        schedule_date timestamp(6),
        updated_date timestamp(6),
        created_by varchar(100),
        scheduler_name varchar(100) not null,
        updated_by varchar(100),
        class_name varchar(500),
        description varchar(500),
        primary key (id)
    )
Hibernate: 
    alter table if exists admin 
       add constraint FKrixejeomhyfntj45ehbxw5o95 
       foreign key (user_no) 
       references app_user
Hibernate: 
    alter table if exists app_user_role 
       add constraint FK99wvof81irmbaaih2qvjsokk4 
       foreign key (user_no) 
       references app_user
2026-02-25T18:15:07.158+08:00  INFO 25604 --- [fe] [           main] j.LocalContainerEntityManagerFactoryBean : Initialized JPA EntityManagerFactory for persistence unit 'default'
2026-02-25T18:15:07.202+08:00  INFO 25604 --- [fe] [           main] o.s.d.j.r.query.QueryEnhancerFactories   : Hibernate is in classpath; If applicable, HQL parser will be used.
2026-02-25T18:15:07.778+08:00  INFO 25604 --- [fe] [           main] c.p.c.kelar.common.util.FileUploadUtil   : Checking file upload dir on ./tmp/uploads
2026-02-25T18:15:07.925+08:00  WARN 25604 --- [fe] [           main] JpaBaseConfiguration$JpaWebConfiguration : spring.jpa.open-in-view is enabled by default. Therefore, database queries may be performed during view rendering. Explicitly configure spring.jpa.open-in-view to disable this warning
2026-02-25T18:15:07.956+08:00  INFO 25604 --- [fe] [           main] r$InitializeUserDetailsManagerConfigurer : Global AuthenticationManager configured with UserDetailsService bean with name backofficeUserDetailsService
2026-02-25T18:15:08.139+08:00  INFO 25604 --- [fe] [           main] o.s.boot.tomcat.TomcatWebServer          : Tomcat started on port 8080 (http) with context path '/'
2026-02-25T18:15:08.143+08:00  INFO 25604 --- [fe] [           main] c.p.cepat.kelar.fe.FrontEndApplication   : Started FrontEndApplication in 2.554 seconds (process running for 2.708)
2026-02-25T18:15:52.778+08:00  INFO 25604 --- [fe] [nio-8080-exec-1] o.a.c.c.C.[Tomcat].[localhost].[/]       : Initializing Spring DispatcherServlet 'dispatcherServlet'
2026-02-25T18:15:52.778+08:00  INFO 25604 --- [fe] [nio-8080-exec-1] o.s.web.servlet.DispatcherServlet        : Initializing Servlet 'dispatcherServlet'
2026-02-25T18:15:52.779+08:00  INFO 25604 --- [fe] [nio-8080-exec-1] o.s.web.servlet.DispatcherServlet        : Completed initialization in 1 ms
[INFO] ------------------------------------------------------------------------
[INFO] BUILD FAILURE
[INFO] ------------------------------------------------------------------------
[INFO] Total time:  01:29 min
[INFO] Finished at: 2026-02-25T18:16:34+08:00
[INFO] ------------------------------------------------------------------------
[ERROR] Failed to execute goal org.springframework.boot:spring-boot-maven-plugin:4.0.2:run (default-cli) on project fe: Process terminated with exit code: 137 -> [Help 1]
[ERROR] 
[ERROR] To see the full stack trace of the errors, re-run Maven with the -e switch.
[ERROR] Re-run Maven using the -X switch to enable full debug logging.
[ERROR] 
[ERROR] For more information about the errors and possible solutions, please read the following articles:
[ERROR] [Help 1] http://cwiki.apache.org/confluence/display/MAVEN/MojoExecutionException
