[INFO] Scanning for projects...
[WARNING] 
[WARNING] Some problems were encountered while building the effective model for com.project.cepat.kelar:fe:jar:0.0.1-SNAPSHOT
[WARNING] 'dependencies.dependency.scope' for org.projectlombok:lombok:jar must be one of [provided, compile, runtime, test, system] but is 'annotationProcessor'. @ line 88, column 11
[WARNING] 
[WARNING] It is highly recommended to fix these problems because they threaten the stability of your build.
[WARNING] 
[WARNING] For this reason, future Maven versions might no longer support building such malformed projects.
[WARNING] 
[INFO] 
[INFO] ---------------------< com.project.cepat.kelar:fe >---------------------
[INFO] Building fe 0.0.1-SNAPSHOT
[INFO]   from pom.xml
[INFO] --------------------------------[ jar ]---------------------------------
[INFO] 
[INFO] >>> spring-boot:4.0.2:run (default-cli) > test-compile @ fe >>>
[INFO] 
[INFO] --- resources:3.3.1:resources (default-resources) @ fe ---
[INFO] Copying 4 resources from src/main/resources to target/classes
[INFO] Copying 99 resources from src/main/resources to target/classes
[INFO] 
[INFO] --- compiler:3.14.1:compile (default-compile) @ fe ---
[INFO] Nothing to compile - all classes are up to date.
[INFO] 
[INFO] --- resources:3.3.1:testResources (default-testResources) @ fe ---
[INFO] skip non existing resourceDirectory /Users/fadhilaldien/Documents/workspaces/my-workspace/project-cepat-kelar/project-cepat-kelar-fe/src/test/resources
[INFO] 
[INFO] --- compiler:3.14.1:testCompile (default-testCompile) @ fe ---
[INFO] Nothing to compile - all classes are up to date.
[INFO] 
[INFO] <<< spring-boot:4.0.2:run (default-cli) < test-compile @ fe <<<
[INFO] 
[INFO] 
[INFO] --- spring-boot:4.0.2:run (default-cli) @ fe ---
[INFO] Attaching agents: []

  .   ____          _            __ _ _
 /\\ / ___'_ __ _ _(_)_ __  __ _ \ \ \ \
( ( )\___ | '_ | '_| | '_ \/ _` | \ \ \ \
 \\/  ___)| |_)| | | | | || (_| |  ) ) ) )
  '  |____| .__|_| |_|_| |_\__, | / / / /
 =========|_|==============|___/=/_/_/_/

 :: Spring Boot ::                (v4.0.2)

2026-02-25T18:01:44.891+08:00  INFO 8150 --- [project-cepat-kelar] [           main] c.p.cepat.kelar.fe.FrontEndApplication   : Starting FrontEndApplication using Java 25.0.1 with PID 8150 (/Users/fadhilaldien/Documents/workspaces/my-workspace/project-cepat-kelar/project-cepat-kelar-fe/target/classes started by fadhilaldien in /Users/fadhilaldien/Documents/workspaces/my-workspace/project-cepat-kelar/project-cepat-kelar-fe)
2026-02-25T18:01:44.892+08:00 DEBUG 8150 --- [project-cepat-kelar] [           main] c.p.cepat.kelar.fe.FrontEndApplication   : Running with Spring Boot v4.0.2, Spring v7.0.3
2026-02-25T18:01:44.892+08:00  INFO 8150 --- [project-cepat-kelar] [           main] c.p.cepat.kelar.fe.FrontEndApplication   : The following 1 profile is active: "devfadhil"
2026-02-25T18:01:45.100+08:00  INFO 8150 --- [project-cepat-kelar] [           main] .s.d.r.c.RepositoryConfigurationDelegate : Bootstrapping Spring Data JPA repositories in DEFAULT mode.
2026-02-25T18:01:45.121+08:00  INFO 8150 --- [project-cepat-kelar] [           main] .s.d.r.c.RepositoryConfigurationDelegate : Finished Spring Data repository scanning in 18 ms. Found 6 JPA repository interfaces.
2026-02-25T18:01:45.416+08:00  INFO 8150 --- [project-cepat-kelar] [           main] o.s.boot.tomcat.TomcatWebServer          : Tomcat initialized with port 8080 (http)
2026-02-25T18:01:45.421+08:00  INFO 8150 --- [project-cepat-kelar] [           main] o.apache.catalina.core.StandardService   : Starting service [Tomcat]
2026-02-25T18:01:45.421+08:00  INFO 8150 --- [project-cepat-kelar] [           main] o.apache.catalina.core.StandardEngine    : Starting Servlet engine: [Apache Tomcat/11.0.15]
2026-02-25T18:01:45.440+08:00  INFO 8150 --- [project-cepat-kelar] [           main] b.w.c.s.WebApplicationContextInitializer : Root WebApplicationContext: initialization completed in 526 ms
2026-02-25T18:01:45.505+08:00  INFO 8150 --- [project-cepat-kelar] [           main] org.hibernate.orm.jpa                    : HHH008540: Processing PersistenceUnitInfo [name: default]
2026-02-25T18:01:45.521+08:00  INFO 8150 --- [project-cepat-kelar] [           main] org.hibernate.orm.core                   : HHH000001: Hibernate ORM core version 7.2.1.Final
2026-02-25T18:01:45.677+08:00  INFO 8150 --- [project-cepat-kelar] [           main] o.s.o.j.p.SpringPersistenceUnitInfo      : No LoadTimeWeaver setup: ignoring JPA class transformer
2026-02-25T18:01:45.688+08:00  INFO 8150 --- [project-cepat-kelar] [           main] com.zaxxer.hikari.HikariDataSource       : HikariPool-1 - Starting...
2026-02-25T18:01:45.761+08:00  INFO 8150 --- [project-cepat-kelar] [           main] com.zaxxer.hikari.pool.HikariPool        : HikariPool-1 - Added connection org.postgresql.jdbc.PgConnection@1d3546f9
2026-02-25T18:01:45.761+08:00  INFO 8150 --- [project-cepat-kelar] [           main] com.zaxxer.hikari.HikariDataSource       : HikariPool-1 - Start completed.
2026-02-25T18:01:45.772+08:00  WARN 8150 --- [project-cepat-kelar] [           main] org.hibernate.orm.deprecation            : HHH90000025: PostgreSQLDialect does not need to be specified explicitly using 'hibernate.dialect' (remove the property setting and it will be selected by default)
2026-02-25T18:01:45.781+08:00  INFO 8150 --- [project-cepat-kelar] [           main] org.hibernate.orm.connections.pooling    : HHH10001005: Database info:
	Database JDBC URL [jdbc:postgresql://localhost:5432/project_cepat_kelar]
	Database driver: PostgreSQL JDBC Driver
	Database dialect: PostgreSQLDialect
	Database version: 16.0
	Default catalog/schema: project_cepat_kelar/public
	Autocommit mode: undefined/unknown
	Isolation level: READ_COMMITTED [default READ_COMMITTED]
	JDBC fetch size: none
	Pool: DataSourceConnectionProvider
	Minimum pool size: undefined/unknown
	Maximum pool size: undefined/unknown
2026-02-25T18:01:45.829+08:00  WARN 8150 --- [project-cepat-kelar] [           main] org.hibernate.orm.deprecation            : HHH90000033: Encountered use of deprecated annotation [interface jakarta.persistence.Temporal] at com.project.cepat.kelar.jpa.model.Admin.createdDate.
2026-02-25T18:01:45.829+08:00  WARN 8150 --- [project-cepat-kelar] [           main] org.hibernate.orm.deprecation            : HHH90000033: Encountered use of deprecated annotation [interface jakarta.persistence.Temporal] at com.project.cepat.kelar.jpa.model.Admin.updatedDate.
2026-02-25T18:01:45.836+08:00  WARN 8150 --- [project-cepat-kelar] [           main] org.hibernate.orm.deprecation            : HHH90000033: Encountered use of deprecated annotation [interface jakarta.persistence.Temporal] at com.project.cepat.kelar.jpa.model.Article.createdDate.
2026-02-25T18:01:45.836+08:00  WARN 8150 --- [project-cepat-kelar] [           main] org.hibernate.orm.deprecation            : HHH90000033: Encountered use of deprecated annotation [interface jakarta.persistence.Temporal] at com.project.cepat.kelar.jpa.model.Article.updatedDate.
2026-02-25T18:01:45.846+08:00  WARN 8150 --- [project-cepat-kelar] [           main] org.hibernate.orm.deprecation            : HHH90000033: Encountered use of deprecated annotation [interface jakarta.persistence.Temporal] at com.project.cepat.kelar.jpa.model.common.ApplicationConfig.createdDate.
2026-02-25T18:01:45.846+08:00  WARN 8150 --- [project-cepat-kelar] [           main] org.hibernate.orm.deprecation            : HHH90000033: Encountered use of deprecated annotation [interface jakarta.persistence.Temporal] at com.project.cepat.kelar.jpa.model.common.ApplicationConfig.updatedDate.
2026-02-25T18:01:45.847+08:00  WARN 8150 --- [project-cepat-kelar] [           main] org.hibernate.orm.deprecation            : HHH90000033: Encountered use of deprecated annotation [interface jakarta.persistence.Temporal] at com.project.cepat.kelar.jpa.model.common.ApplicationNotification.createdDate.
2026-02-25T18:01:45.847+08:00  WARN 8150 --- [project-cepat-kelar] [           main] org.hibernate.orm.deprecation            : HHH90000033: Encountered use of deprecated annotation [interface jakarta.persistence.Temporal] at com.project.cepat.kelar.jpa.model.common.ApplicationNotification.updatedDate.
2026-02-25T18:01:45.849+08:00  WARN 8150 --- [project-cepat-kelar] [           main] org.hibernate.orm.deprecation            : HHH90000033: Encountered use of deprecated annotation [interface jakarta.persistence.Temporal] at com.project.cepat.kelar.jpa.model.common.Scheduler.createdDate.
2026-02-25T18:01:45.849+08:00  WARN 8150 --- [project-cepat-kelar] [           main] org.hibernate.orm.deprecation            : HHH90000033: Encountered use of deprecated annotation [interface jakarta.persistence.Temporal] at com.project.cepat.kelar.jpa.model.common.Scheduler.updatedDate.
2026-02-25T18:01:46.192+08:00  INFO 8150 --- [project-cepat-kelar] [           main] org.hibernate.orm.core                   : HHH000489: No JTA platform available (set 'hibernate.transaction.jta.platform' to enable JTA platform integration)
Hibernate: 
    set client_min_messages = WARNING
Hibernate: 
    alter table if exists admin 
       drop constraint if exists FKrixejeomhyfntj45ehbxw5o95
Hibernate: 
    alter table if exists app_user_role 
       drop constraint if exists FK99wvof81irmbaaih2qvjsokk4
Hibernate: 
    drop table if exists admin cascade
Hibernate: 
    drop table if exists app_user cascade
Hibernate: 
    drop table if exists app_user_role cascade
Hibernate: 
    drop table if exists application_config cascade
Hibernate: 
    drop table if exists application_notification cascade
Hibernate: 
    drop table if exists article cascade
Hibernate: 
    drop table if exists scheduler cascade
Hibernate: 
    drop sequence if exists seq_user
Hibernate: 
    create sequence seq_user start with 1 increment by 50
Hibernate: 
    create table admin (
        is_deleted integer,
        created_date timestamp(6),
        id bigint generated by default as identity,
        updated_date timestamp(6),
        user_no bigint not null unique,
        version bigint,
        created_by varchar(100),
        updated_by varchar(100),
        description varchar(500),
        primary key (id)
    )
Hibernate: 
    create table app_user (
        acc_non_exp char(1) check ((acc_non_exp in ('N','Y'))),
        acc_non_lock char(1) check ((acc_non_lock in ('N','Y'))),
        crd_non_exp char(1) check ((crd_non_exp in ('N','Y'))),
        enabled char(1) check ((enabled in ('N','Y'))),
        is_admin char(1) check ((is_admin in ('N','Y'))),
        no bigint not null,
        password varchar(100),
        username varchar(100) unique,
        email varchar(191) unique,
        mobile varchar(191) unique,
        primary key (no)
    )
Hibernate: 
    create table app_user_role (
        user_no bigint not null,
        role varchar(255)
    )
Hibernate: 
    create table application_config (
        created_date timestamp(6),
        id bigint generated by default as identity,
        updated_date timestamp(6),
        config_id varchar(100) unique,
        created_by varchar(100),
        updated_by varchar(100),
        description varchar(500),
        config_value varchar(255),
        primary key (id)
    )
Hibernate: 
    create table application_notification (
        active boolean not null,
        notification_type integer not null,
        created_date timestamp(6),
        id bigint generated by default as identity,
        notification_end_date timestamp(6) not null,
        notification_start_date timestamp(6) not null,
        updated_date timestamp(6),
        created_by varchar(100),
        updated_by varchar(100),
        notification_name varchar(150) not null,
        description varchar(500),
        receiver varchar(1500),
        primary key (id)
    )
Hibernate: 
    create table article (
        is_deleted integer,
        created_date timestamp(6),
        end_date timestamp(6),
        id bigint generated by default as identity,
        publish_date timestamp(6),
        start_date timestamp(6),
        updated_date timestamp(6),
        version bigint,
        created_by varchar(100),
        updated_by varchar(100),
        description varchar(500),
        category varchar(255),
        content text,
        cover_image varchar(255),
        status varchar(255) check ((status in ('DRAFT','PUBLISHED','HIDDEN','ARCHIVED'))),
        title varchar(255),
        cover_image_data bytea,
        primary key (id)
    )
Hibernate: 
    create table scheduler (
        is_active boolean not null,
        schedule_time time(0),
        schedule_type integer not null,
        created_date timestamp(6),
        id bigint generated by default as identity,
        schedule_date timestamp(6),
        updated_date timestamp(6),
        created_by varchar(100),
        scheduler_name varchar(100) not null,
        updated_by varchar(100),
        class_name varchar(500),
        description varchar(500),
        primary key (id)
    )
Hibernate: 
    alter table if exists admin 
       add constraint FKrixejeomhyfntj45ehbxw5o95 
       foreign key (user_no) 
       references app_user
Hibernate: 
    alter table if exists app_user_role 
       add constraint FK99wvof81irmbaaih2qvjsokk4 
       foreign key (user_no) 
       references app_user
2026-02-25T18:01:46.266+08:00  INFO 8150 --- [project-cepat-kelar] [           main] j.LocalContainerEntityManagerFactoryBean : Initialized JPA EntityManagerFactory for persistence unit 'default'
2026-02-25T18:01:46.277+08:00  WARN 8150 --- [project-cepat-kelar] [           main] ConfigServletWebServerApplicationContext : Exception encountered during context initialization - cancelling refresh attempt: org.springframework.beans.factory.BeanCreationException: Error creating bean with name 'testDataLoader' defined in file [/Users/fadhilaldien/Documents/workspaces/my-workspace/project-cepat-kelar/project-cepat-kelar-fe/target/classes/com/project/cepat/kelar/fe/config/TestDataLoader.class]: Failed to instantiate [com.project.cepat.kelar.fe.config.TestDataLoader$$SpringCGLIB$$0]: Constructor threw exception
2026-02-25T18:01:46.277+08:00  INFO 8150 --- [project-cepat-kelar] [           main] j.LocalContainerEntityManagerFactoryBean : Closing JPA EntityManagerFactory for persistence unit 'default'
Hibernate: 
    set client_min_messages = WARNING
Hibernate: 
    alter table if exists admin 
       drop constraint if exists FKrixejeomhyfntj45ehbxw5o95
Hibernate: 
    alter table if exists app_user_role 
       drop constraint if exists FK99wvof81irmbaaih2qvjsokk4
Hibernate: 
    drop table if exists admin cascade
Hibernate: 
    drop table if exists app_user cascade
Hibernate: 
    drop table if exists app_user_role cascade
Hibernate: 
    drop table if exists application_config cascade
Hibernate: 
    drop table if exists application_notification cascade
Hibernate: 
    drop table if exists article cascade
Hibernate: 
    drop table if exists scheduler cascade
Hibernate: 
    drop sequence if exists seq_user
2026-02-25T18:01:46.292+08:00  INFO 8150 --- [project-cepat-kelar] [           main] com.zaxxer.hikari.HikariDataSource       : HikariPool-1 - Shutdown initiated...
2026-02-25T18:01:46.303+08:00  INFO 8150 --- [project-cepat-kelar] [           main] com.zaxxer.hikari.HikariDataSource       : HikariPool-1 - Shutdown completed.
2026-02-25T18:01:46.304+08:00  INFO 8150 --- [project-cepat-kelar] [           main] o.apache.catalina.core.StandardService   : Stopping service [Tomcat]
2026-02-25T18:01:46.311+08:00  INFO 8150 --- [project-cepat-kelar] [           main] .s.b.a.l.ConditionEvaluationReportLogger : 

Error starting ApplicationContext. To display the condition evaluation report re-run your application with 'debug' enabled.
2026-02-25T18:01:46.317+08:00 ERROR 8150 --- [project-cepat-kelar] [           main] o.s.boot.SpringApplication               : Application run failed

org.springframework.beans.factory.BeanCreationException: Error creating bean with name 'testDataLoader' defined in file [/Users/fadhilaldien/Documents/workspaces/my-workspace/project-cepat-kelar/project-cepat-kelar-fe/target/classes/com/project/cepat/kelar/fe/config/TestDataLoader.class]: Failed to instantiate [com.project.cepat.kelar.fe.config.TestDataLoader$$SpringCGLIB$$0]: Constructor threw exception
	at org.springframework.beans.factory.support.AbstractAutowireCapableBeanFactory.instantiateBean(AbstractAutowireCapableBeanFactory.java:1344) ~[spring-beans-7.0.3.jar:7.0.3]
	at org.springframework.beans.factory.support.AbstractAutowireCapableBeanFactory.createBeanInstance(AbstractAutowireCapableBeanFactory.java:1231) ~[spring-beans-7.0.3.jar:7.0.3]
	at org.springframework.beans.factory.support.AbstractAutowireCapableBeanFactory.doCreateBean(AbstractAutowireCapableBeanFactory.java:565) ~[spring-beans-7.0.3.jar:7.0.3]
	at org.springframework.beans.factory.support.AbstractAutowireCapableBeanFactory.createBean(AbstractAutowireCapableBeanFactory.java:525) ~[spring-beans-7.0.3.jar:7.0.3]
	at org.springframework.beans.factory.support.AbstractBeanFactory.lambda$doGetBean$0(AbstractBeanFactory.java:333) ~[spring-beans-7.0.3.jar:7.0.3]
	at org.springframework.beans.factory.support.DefaultSingletonBeanRegistry.getSingleton(DefaultSingletonBeanRegistry.java:371) ~[spring-beans-7.0.3.jar:7.0.3]
	at org.springframework.beans.factory.support.AbstractBeanFactory.doGetBean(AbstractBeanFactory.java:331) ~[spring-beans-7.0.3.jar:7.0.3]
	at org.springframework.beans.factory.support.AbstractBeanFactory.getBean(AbstractBeanFactory.java:196) ~[spring-beans-7.0.3.jar:7.0.3]
	at org.springframework.beans.factory.support.DefaultListableBeanFactory.instantiateSingleton(DefaultListableBeanFactory.java:1218) ~[spring-beans-7.0.3.jar:7.0.3]
	at org.springframework.beans.factory.support.DefaultListableBeanFactory.preInstantiateSingleton(DefaultListableBeanFactory.java:1184) ~[spring-beans-7.0.3.jar:7.0.3]
	at org.springframework.beans.factory.support.DefaultListableBeanFactory.preInstantiateSingletons(DefaultListableBeanFactory.java:1121) ~[spring-beans-7.0.3.jar:7.0.3]
	at org.springframework.context.support.AbstractApplicationContext.finishBeanFactoryInitialization(AbstractApplicationContext.java:993) ~[spring-context-7.0.3.jar:7.0.3]
	at org.springframework.context.support.AbstractApplicationContext.refresh(AbstractApplicationContext.java:620) ~[spring-context-7.0.3.jar:7.0.3]
	at org.springframework.boot.web.server.servlet.context.ServletWebServerApplicationContext.refresh(ServletWebServerApplicationContext.java:143) ~[spring-boot-web-server-4.0.2.jar:4.0.2]
	at org.springframework.boot.SpringApplication.refresh(SpringApplication.java:756) ~[spring-boot-4.0.2.jar:4.0.2]
	at org.springframework.boot.SpringApplication.refreshContext(SpringApplication.java:445) ~[spring-boot-4.0.2.jar:4.0.2]
	at org.springframework.boot.SpringApplication.run(SpringApplication.java:321) ~[spring-boot-4.0.2.jar:4.0.2]
	at org.springframework.boot.SpringApplication.run(SpringApplication.java:1365) ~[spring-boot-4.0.2.jar:4.0.2]
	at org.springframework.boot.SpringApplication.run(SpringApplication.java:1354) ~[spring-boot-4.0.2.jar:4.0.2]
	at com.project.cepat.kelar.fe.FrontEndApplication.main(FrontEndApplication.java:16) ~[classes/:na]
Caused by: org.springframework.beans.BeanInstantiationException: Failed to instantiate [com.project.cepat.kelar.fe.config.TestDataLoader$$SpringCGLIB$$0]: Constructor threw exception
	at org.springframework.beans.BeanUtils.instantiateClass(BeanUtils.java:220) ~[spring-beans-7.0.3.jar:7.0.3]
	at org.springframework.beans.factory.support.SimpleInstantiationStrategy.instantiate(SimpleInstantiationStrategy.java:106) ~[spring-beans-7.0.3.jar:7.0.3]
	at org.springframework.beans.factory.support.AbstractAutowireCapableBeanFactory.instantiateBean(AbstractAutowireCapableBeanFactory.java:1338) ~[spring-beans-7.0.3.jar:7.0.3]
	... 19 common frames omitted
Caused by: java.lang.Error: Unresolved compilation problem: 
	The method setDescription(String) is undefined for the type Admin

	at com.project.cepat.kelar.fe.config.TestDataLoader.<init>(TestDataLoader.java:60) ~[classes/:na]
	at com.project.cepat.kelar.fe.config.TestDataLoader$$SpringCGLIB$$0.<init>(<generated>) ~[classes/:na]
	at java.base/jdk.internal.reflect.DirectConstructorHandleAccessor.newInstance(DirectConstructorHandleAccessor.java:62) ~[na:na]
	at java.base/java.lang.reflect.Constructor.newInstanceWithCaller(Constructor.java:499) ~[na:na]
	at java.base/java.lang.reflect.Constructor.newInstance(Constructor.java:483) ~[na:na]
	at org.springframework.beans.BeanUtils.instantiateClass(BeanUtils.java:194) ~[spring-beans-7.0.3.jar:7.0.3]
	... 21 common frames omitted

[INFO] ------------------------------------------------------------------------
[INFO] BUILD FAILURE
[INFO] ------------------------------------------------------------------------
[INFO] Total time:  2.456 s
[INFO] Finished at: 2026-02-25T18:01:46+08:00
[INFO] ------------------------------------------------------------------------
[ERROR] Failed to execute goal org.springframework.boot:spring-boot-maven-plugin:4.0.2:run (default-cli) on project fe: Process terminated with exit code: 1 -> [Help 1]
[ERROR] 
[ERROR] To see the full stack trace of the errors, re-run Maven with the -e switch.
[ERROR] Re-run Maven using the -X switch to enable full debug logging.
[ERROR] 
[ERROR] For more information about the errors and possible solutions, please read the following articles:
[ERROR] [Help 1] http://cwiki.apache.org/confluence/display/MAVEN/MojoExecutionException
